<?xml version="1.0" encoding="UTF-8"?>
<testng-results skipped="0" failed="0" ignored="0" total="1" passed="1">
  <reporter-output>
  </reporter-output>
  <suite name="Default suite" duration-ms="82" started-at="2020-12-19T17:49:17 IST" finished-at="2020-12-19T17:49:17 IST">
    <groups>
    </groups>
    <test name="Default test" duration-ms="82" started-at="2020-12-19T17:49:17 IST" finished-at="2020-12-19T17:49:17 IST">
      <class name="B2BPackage.b2brun">
        <test-method status="PASS" signature="B2BFlightRestAPIAutomation()[pri:0, instance:B2BPackage.b2brun@1f554b06]" name="B2BFlightRestAPIAutomation" duration-ms="51" started-at="2020-12-19T17:49:17 IST" finished-at="2020-12-19T17:49:17 IST">
          <reporter-output>
          </reporter-output>
        </test-method> <!-- B2BFlightRestAPIAutomation -->
      </class> <!-- B2BPackage.b2brun -->
    </test> <!-- Default test -->
  </suite> <!-- Default suite -->
</testng-results>
